<?xml version="1.0" encoding="UTF-8" ?>
<testsuite tests="4" failures="0" name="unit01.LogTest" time="0" errors="0" skipped="0">
  <properties>
[...]
</properties>
  <testcase classname="unit01.LogTest" name="unit01.LogTest.test2" time="0"/>
  <testcase classname="unit01.LogTest" name="unit01.LogTest.testNegative" time="0"/>
  <testcase classname="unit01.LogTest" name="unit01.LogTest.testBasic" time="0"/>
  <testcase classname="unit01.LogTest" name="unit01.LogTest.testBase10" time="0"/>
</testsuite>